\BOOKMARK [1][-]{section.1}{\376\377\142\225\172\077\116\016\133\241\172\077}{}% 1
\BOOKMARK [2][-]{subsection.1.1}{\376\377\142\225\172\077\145\271\137\017}{section.1}% 2
\BOOKMARK [2][-]{subsection.1.2}{\376\377\142\225\172\077\145\271\124\021}{section.1}% 3
\BOOKMARK [2][-]{subsection.1.3}{\376\377\133\241\172\077\155\101\172\013\116\016\211\304\203\003}{section.1}% 4
\BOOKMARK [1][-]{section.2}{\376\377\116\146\121\231\211\304\203\003}{}% 5
\BOOKMARK [2][-]{subsection.2.1}{\376\377\172\340\202\202\166\204\134\102\176\247}{section.2}% 6
\BOOKMARK [2][-]{subsection.2.2}{\376\377\177\127\122\027\131\032\116\052\211\201\160\271\166\204\145\271\154\325}{section.2}% 7
\BOOKMARK [2][-]{subsection.2.3}{\376\377\133\232\164\006\163\257\130\203}{section.2}% 8
\BOOKMARK [2][-]{subsection.2.4}{\376\377\145\160\133\146\121\154\137\017\166\204\116\146\121\231}{section.2}% 9
\BOOKMARK [3][-]{subsubsection.2.4.1}{\376\377\210\114\225\364\121\154\137\017}{subsection.2.4}% 10
\BOOKMARK [3][-]{subsubsection.2.4.2}{\376\377\123\125\210\114\121\154\137\017}{subsection.2.4}% 11
\BOOKMARK [3][-]{subsubsection.2.4.3}{\376\377\131\032\210\114\121\154\137\017}{subsection.2.4}% 12
\BOOKMARK [3][-]{subsubsection.2.4.4}{\376\377\145\271\172\013\176\304}{subsection.2.4}% 13
\BOOKMARK [3][-]{subsubsection.2.4.5}{\376\377\167\351\226\065\116\016\210\114\122\027\137\017}{subsection.2.4}% 14
\BOOKMARK [3][-]{subsubsection.2.4.6}{\376\377\116\244\143\142\126\376\210\150}{subsection.2.4}% 15
\BOOKMARK [2][-]{subsection.2.5}{\376\377\210\150\150\074\116\016\126\376\162\107}{section.2}% 16
\BOOKMARK [3][-]{subsubsection.2.5.1}{\376\377\143\322\121\145\210\150\150\074}{subsection.2.5}% 17
\BOOKMARK [3][-]{subsubsection.2.5.2}{\376\377\143\322\121\145\126\376\162\107}{subsection.2.5}% 18
\BOOKMARK [2][-]{subsection.2.6}{\376\377\172\013\136\217\116\343\170\001}{section.2}% 19
\BOOKMARK [3][-]{subsubsection.2.6.1}{\376\377\116\244\123\311\137\025\165\050}{subsection.2.6}% 20
\BOOKMARK [1][-]{section.3}{\376\377\123\302\200\003\145\207\163\056\123\312\121\166\137\025\165\050\211\304\203\003}{}% 21
\BOOKMARK [2][-]{subsection.3.1}{\376\377\123\302\200\003\145\207\163\056\165\037\142\020\145\271\137\017}{section.3}% 22
\BOOKMARK [2][-]{subsection.3.2}{\376\377\137\025\165\050\145\207\163\056\166\204\150\074\137\017\211\201\154\102}{section.3}% 23
